[super-refit] stage1 starts=42 budget=140
[super-refit] stage1 1/42
[super-refit] stage1 2/42
[super-refit] stage1 3/42
[super-refit] stage1 4/42
[super-refit] stage1 5/42
[super-refit] stage1 6/42
[super-refit] stage1 7/42
[super-refit] stage1 8/42
[super-refit] stage1 9/42
[super-refit] stage1 10/42
[super-refit] stage1 11/42
[super-refit] stage1 12/42
[super-refit] stage1 13/42
[super-refit] stage1 14/42
[super-refit] stage1 15/42
[super-refit] stage1 16/42
[super-refit] stage1 17/42
[super-refit] stage1 18/42
[super-refit] stage1 19/42
[super-refit] stage1 20/42
[super-refit] stage1 21/42
[super-refit] stage1 22/42
[super-refit] stage1 23/42
[super-refit] stage1 24/42
[super-refit] stage1 25/42
[super-refit] stage1 26/42
[super-refit] stage1 27/42
[super-refit] stage1 28/42
[super-refit] stage1 29/42
[super-refit] stage1 30/42
[super-refit] stage1 31/42
[super-refit] stage1 32/42
[super-refit] stage1 33/42
[super-refit] stage1 34/42
[super-refit] stage1 35/42
[super-refit] stage1 36/42
[super-refit] stage1 37/42
[super-refit] stage1 38/42
[super-refit] stage1 39/42
[super-refit] stage1 40/42
[super-refit] stage1 41/42
[super-refit] stage1 42/42
[super-refit] stage1 best=0.00308066
[super-refit] stage2 pool=8 budget=700
[super-refit] stage2 1/8
[super-refit] stage2 2/8
[super-refit] stage2 3/8
[super-refit] stage2 4/8
[super-refit] stage2 5/8
[super-refit] stage2 6/8
[super-refit] stage2 7/8
[super-refit] stage2 8/8
[super-refit] stage2 best=0.00308058
[super-refit] refine pool=4 budget=350
[super-refit] refine 1/4
[super-refit] refine 2/4
[super-refit] refine 3/4
[super-refit] refine 4/4
[super-refit] polish pool=2 budget=233
[super-refit] polish 1/2
[super-refit] polish 2/2
[super-refit] stability checks=6 budget=140
[super-refit] stability 1/6
[super-refit] stability 2/6
[super-refit] stability 3/6
[super-refit] stability 4/6
[super-refit] stability 5/6
[super-refit] stability 6/6
Wrote C:\Users\congyue zhang\Desktop\OpenCL fitter\TMD-Fits-Minimal\Fits\super_refit_broad_bump_42_results\super_refit_broad_bump_42.json
